2021-06-19 12:07:25,394 INFO  [org.springframework.boot.StartupInfoLogger] [restartedMain] Starting ShopmallApplication using Java 1.8.0_261 on DESKTOP-R2IB51V with PID 18680 (E:\CODE\SHOPMALL\shopmall\target\classes started by namnd in E:\CODE\SHOPMALL\shopmall)
2021-06-19 12:07:25,405 INFO  [org.springframework.boot.SpringApplication] [restartedMain] No active profile set, falling back to default profiles: default
2021-06-19 12:07:25,507 INFO  [org.springframework.boot.logging.DeferredLog] [restartedMain] Devtools property defaults active! Set 'spring.devtools.add-properties' to 'false' to disable
2021-06-19 12:07:25,512 INFO  [org.springframework.boot.logging.DeferredLog] [restartedMain] For additional web related logging consider setting the 'logging.level.web' property to 'DEBUG'
2021-06-19 12:07:27,335 INFO  [org.springframework.data.repository.config.RepositoryConfigurationDelegate] [restartedMain] Multiple Spring Data modules found, entering strict repository configuration mode!
2021-06-19 12:07:27,337 INFO  [org.springframework.data.repository.config.RepositoryConfigurationDelegate] [restartedMain] Bootstrapping Spring Data JDBC repositories in DEFAULT mode.
2021-06-19 12:07:27,369 INFO  [org.springframework.data.repository.config.RepositoryConfigurationDelegate] [restartedMain] Finished Spring Data repository scanning in 25 ms. Found 0 JDBC repository interfaces.
2021-06-19 12:07:27,384 INFO  [org.springframework.data.repository.config.RepositoryConfigurationDelegate] [restartedMain] Multiple Spring Data modules found, entering strict repository configuration mode!
2021-06-19 12:07:27,385 INFO  [org.springframework.data.repository.config.RepositoryConfigurationDelegate] [restartedMain] Bootstrapping Spring Data JPA repositories in DEFAULT mode.
2021-06-19 12:07:27,401 INFO  [org.springframework.data.repository.config.RepositoryConfigurationDelegate] [restartedMain] Finished Spring Data repository scanning in 7 ms. Found 0 JPA repository interfaces.
2021-06-19 12:07:28,305 INFO  [org.springframework.boot.web.embedded.tomcat.TomcatWebServer] [restartedMain] Tomcat initialized with port(s): 8080 (http)
2021-06-19 12:07:28,318 INFO  [org.apache.juli.logging.DirectJDKLog] [restartedMain] Starting service [Tomcat]
2021-06-19 12:07:28,319 INFO  [org.apache.juli.logging.DirectJDKLog] [restartedMain] Starting Servlet engine: [Apache Tomcat/9.0.46]
2021-06-19 12:07:28,501 INFO  [org.apache.juli.logging.DirectJDKLog] [restartedMain] Initializing Spring embedded WebApplicationContext
2021-06-19 12:07:28,502 INFO  [org.springframework.boot.web.servlet.context.ServletWebServerApplicationContext] [restartedMain] Root WebApplicationContext: initialization completed in 2988 ms
2021-06-19 12:07:28,650 INFO  [com.zaxxer.hikari.HikariDataSource] [restartedMain] HikariPool-1 - Starting...
2021-06-19 12:07:28,878 INFO  [com.zaxxer.hikari.HikariDataSource] [restartedMain] HikariPool-1 - Start completed.
2021-06-19 12:07:28,989 INFO  [org.hibernate.jpa.internal.util.LogHelper] [restartedMain] HHH000204: Processing PersistenceUnitInfo [name: default]
2021-06-19 12:07:29,118 INFO  [org.hibernate.Version] [restartedMain] HHH000412: Hibernate ORM core version 5.4.32.Final
2021-06-19 12:07:29,298 INFO  [org.hibernate.annotations.common.reflection.java.JavaReflectionManager] [restartedMain] HCANN000001: Hibernate Commons Annotations {5.1.2.Final}
2021-06-19 12:07:29,441 INFO  [org.hibernate.dialect.Dialect] [restartedMain] HHH000400: Using dialect: org.hibernate.dialect.PostgreSQL10Dialect
2021-06-19 12:07:30,257 INFO  [org.hibernate.engine.transaction.jta.platform.internal.JtaPlatformInitiator] [restartedMain] HHH000490: Using JtaPlatform implementation: [org.hibernate.engine.transaction.jta.platform.internal.NoJtaPlatform]
2021-06-19 12:07:30,274 INFO  [org.springframework.orm.jpa.AbstractEntityManagerFactoryBean] [restartedMain] Initialized JPA EntityManagerFactory for persistence unit 'default'
2021-06-19 12:07:30,500 WARN  [org.springframework.boot.autoconfigure.orm.jpa.JpaBaseConfiguration$JpaWebConfiguration] [restartedMain] spring.jpa.open-in-view is enabled by default. Therefore, database queries may be performed during view rendering. Explicitly configure spring.jpa.open-in-view to disable this warning
2021-06-19 12:07:31,054 INFO  [org.springframework.boot.devtools.autoconfigure.OptionalLiveReloadServer] [restartedMain] LiveReload server is running on port 35729
2021-06-19 12:07:31,116 INFO  [org.springframework.boot.web.embedded.tomcat.TomcatWebServer] [restartedMain] Tomcat started on port(s): 8080 (http) with context path ''
2021-06-19 12:07:31,142 INFO  [org.springframework.boot.StartupInfoLogger] [restartedMain] Started ShopmallApplication in 6.858 seconds (JVM running for 8.915)
2021-06-19 12:07:40,466 INFO  [org.apache.juli.logging.DirectJDKLog] [http-nio-8080-exec-2] Initializing Spring DispatcherServlet 'dispatcherServlet'
2021-06-19 12:07:40,470 INFO  [org.springframework.web.servlet.FrameworkServlet] [http-nio-8080-exec-2] Initializing Servlet 'dispatcherServlet'
2021-06-19 12:07:40,474 INFO  [org.springframework.web.servlet.FrameworkServlet] [http-nio-8080-exec-2] Completed initialization in 3 ms
2021-06-19 12:12:28,464 INFO  [org.springframework.boot.StartupInfoLogger] [restartedMain] Starting ShopmallApplication using Java 1.8.0_261 on DESKTOP-R2IB51V with PID 14244 (E:\CODE\SHOPMALL\shopmall\target\classes started by namnd in E:\CODE\SHOPMALL\shopmall)
2021-06-19 12:12:28,470 INFO  [org.springframework.boot.SpringApplication] [restartedMain] No active profile set, falling back to default profiles: default
2021-06-19 12:12:28,566 INFO  [org.springframework.boot.logging.DeferredLog] [restartedMain] Devtools property defaults active! Set 'spring.devtools.add-properties' to 'false' to disable
2021-06-19 12:12:28,569 INFO  [org.springframework.boot.logging.DeferredLog] [restartedMain] For additional web related logging consider setting the 'logging.level.web' property to 'DEBUG'
2021-06-19 12:12:30,212 INFO  [org.springframework.data.repository.config.RepositoryConfigurationDelegate] [restartedMain] Multiple Spring Data modules found, entering strict repository configuration mode!
2021-06-19 12:12:30,214 INFO  [org.springframework.data.repository.config.RepositoryConfigurationDelegate] [restartedMain] Bootstrapping Spring Data JDBC repositories in DEFAULT mode.
2021-06-19 12:12:30,240 INFO  [org.springframework.data.repository.config.RepositoryConfigurationDelegate] [restartedMain] Finished Spring Data repository scanning in 18 ms. Found 0 JDBC repository interfaces.
2021-06-19 12:12:30,254 INFO  [org.springframework.data.repository.config.RepositoryConfigurationDelegate] [restartedMain] Multiple Spring Data modules found, entering strict repository configuration mode!
2021-06-19 12:12:30,255 INFO  [org.springframework.data.repository.config.RepositoryConfigurationDelegate] [restartedMain] Bootstrapping Spring Data JPA repositories in DEFAULT mode.
2021-06-19 12:12:30,271 INFO  [org.springframework.data.repository.config.RepositoryConfigurationDelegate] [restartedMain] Finished Spring Data repository scanning in 9 ms. Found 0 JPA repository interfaces.
2021-06-19 12:12:31,183 INFO  [org.springframework.boot.web.embedded.tomcat.TomcatWebServer] [restartedMain] Tomcat initialized with port(s): 8080 (http)
2021-06-19 12:12:31,202 INFO  [org.apache.juli.logging.DirectJDKLog] [restartedMain] Starting service [Tomcat]
2021-06-19 12:12:31,203 INFO  [org.apache.juli.logging.DirectJDKLog] [restartedMain] Starting Servlet engine: [Apache Tomcat/9.0.46]
2021-06-19 12:12:31,370 INFO  [org.apache.juli.logging.DirectJDKLog] [restartedMain] Initializing Spring embedded WebApplicationContext
2021-06-19 12:12:31,371 INFO  [org.springframework.boot.web.servlet.context.ServletWebServerApplicationContext] [restartedMain] Root WebApplicationContext: initialization completed in 2785 ms
2021-06-19 12:12:31,513 INFO  [com.zaxxer.hikari.HikariDataSource] [restartedMain] HikariPool-1 - Starting...
2021-06-19 12:12:31,735 INFO  [com.zaxxer.hikari.HikariDataSource] [restartedMain] HikariPool-1 - Start completed.
2021-06-19 12:12:31,847 INFO  [org.hibernate.jpa.internal.util.LogHelper] [restartedMain] HHH000204: Processing PersistenceUnitInfo [name: default]
2021-06-19 12:12:31,969 INFO  [org.hibernate.Version] [restartedMain] HHH000412: Hibernate ORM core version 5.4.32.Final
2021-06-19 12:12:32,180 INFO  [org.hibernate.annotations.common.reflection.java.JavaReflectionManager] [restartedMain] HCANN000001: Hibernate Commons Annotations {5.1.2.Final}
2021-06-19 12:12:32,346 INFO  [org.hibernate.dialect.Dialect] [restartedMain] HHH000400: Using dialect: org.hibernate.dialect.PostgreSQL10Dialect
2021-06-19 12:12:33,221 INFO  [org.hibernate.engine.transaction.jta.platform.internal.JtaPlatformInitiator] [restartedMain] HHH000490: Using JtaPlatform implementation: [org.hibernate.engine.transaction.jta.platform.internal.NoJtaPlatform]
2021-06-19 12:12:33,234 INFO  [org.springframework.orm.jpa.AbstractEntityManagerFactoryBean] [restartedMain] Initialized JPA EntityManagerFactory for persistence unit 'default'
2021-06-19 12:12:33,483 WARN  [org.springframework.boot.autoconfigure.orm.jpa.JpaBaseConfiguration$JpaWebConfiguration] [restartedMain] spring.jpa.open-in-view is enabled by default. Therefore, database queries may be performed during view rendering. Explicitly configure spring.jpa.open-in-view to disable this warning
2021-06-19 12:12:34,081 INFO  [org.springframework.boot.devtools.autoconfigure.OptionalLiveReloadServer] [restartedMain] LiveReload server is running on port 35729
2021-06-19 12:12:34,137 INFO  [org.springframework.boot.web.embedded.tomcat.TomcatWebServer] [restartedMain] Tomcat started on port(s): 8080 (http) with context path ''
2021-06-19 12:12:34,153 INFO  [org.springframework.boot.StartupInfoLogger] [restartedMain] Started ShopmallApplication in 6.938 seconds (JVM running for 9.619)
2021-06-19 12:13:00,058 INFO  [org.apache.juli.logging.DirectJDKLog] [http-nio-8080-exec-1] Initializing Spring DispatcherServlet 'dispatcherServlet'
2021-06-19 12:13:00,060 INFO  [org.springframework.web.servlet.FrameworkServlet] [http-nio-8080-exec-1] Initializing Servlet 'dispatcherServlet'
2021-06-19 12:13:00,061 INFO  [org.springframework.web.servlet.FrameworkServlet] [http-nio-8080-exec-1] Completed initialization in 1 ms
2021-06-19 12:13:32,950 INFO  [org.springframework.boot.StartupInfoLogger] [restartedMain] Starting ShopmallApplication using Java 1.8.0_261 on DESKTOP-R2IB51V with PID 16472 (E:\CODE\SHOPMALL\shopmall\target\classes started by namnd in E:\CODE\SHOPMALL\shopmall)
2021-06-19 12:13:32,964 INFO  [org.springframework.boot.SpringApplication] [restartedMain] No active profile set, falling back to default profiles: default
2021-06-19 12:13:33,041 INFO  [org.springframework.boot.logging.DeferredLog] [restartedMain] Devtools property defaults active! Set 'spring.devtools.add-properties' to 'false' to disable
2021-06-19 12:13:33,042 INFO  [org.springframework.boot.logging.DeferredLog] [restartedMain] For additional web related logging consider setting the 'logging.level.web' property to 'DEBUG'
2021-06-19 12:13:34,489 INFO  [org.springframework.data.repository.config.RepositoryConfigurationDelegate] [restartedMain] Multiple Spring Data modules found, entering strict repository configuration mode!
2021-06-19 12:13:34,490 INFO  [org.springframework.data.repository.config.RepositoryConfigurationDelegate] [restartedMain] Bootstrapping Spring Data JDBC repositories in DEFAULT mode.
2021-06-19 12:13:34,521 INFO  [org.springframework.data.repository.config.RepositoryConfigurationDelegate] [restartedMain] Finished Spring Data repository scanning in 24 ms. Found 0 JDBC repository interfaces.
2021-06-19 12:13:34,536 INFO  [org.springframework.data.repository.config.RepositoryConfigurationDelegate] [restartedMain] Multiple Spring Data modules found, entering strict repository configuration mode!
2021-06-19 12:13:34,537 INFO  [org.springframework.data.repository.config.RepositoryConfigurationDelegate] [restartedMain] Bootstrapping Spring Data JPA repositories in DEFAULT mode.
2021-06-19 12:13:34,551 INFO  [org.springframework.data.repository.config.RepositoryConfigurationDelegate] [restartedMain] Finished Spring Data repository scanning in 6 ms. Found 0 JPA repository interfaces.
2021-06-19 12:13:35,384 INFO  [org.springframework.boot.web.embedded.tomcat.TomcatWebServer] [restartedMain] Tomcat initialized with port(s): 8080 (http)
2021-06-19 12:13:35,394 INFO  [org.apache.juli.logging.DirectJDKLog] [restartedMain] Starting service [Tomcat]
2021-06-19 12:13:35,395 INFO  [org.apache.juli.logging.DirectJDKLog] [restartedMain] Starting Servlet engine: [Apache Tomcat/9.0.46]
2021-06-19 12:13:35,543 INFO  [org.apache.juli.logging.DirectJDKLog] [restartedMain] Initializing Spring embedded WebApplicationContext
2021-06-19 12:13:35,544 INFO  [org.springframework.boot.web.servlet.context.ServletWebServerApplicationContext] [restartedMain] Root WebApplicationContext: initialization completed in 2501 ms
2021-06-19 12:13:35,669 INFO  [com.zaxxer.hikari.HikariDataSource] [restartedMain] HikariPool-1 - Starting...
2021-06-19 12:13:35,853 INFO  [com.zaxxer.hikari.HikariDataSource] [restartedMain] HikariPool-1 - Start completed.
2021-06-19 12:13:35,971 INFO  [org.hibernate.jpa.internal.util.LogHelper] [restartedMain] HHH000204: Processing PersistenceUnitInfo [name: default]
2021-06-19 12:13:36,080 INFO  [org.hibernate.Version] [restartedMain] HHH000412: Hibernate ORM core version 5.4.32.Final
2021-06-19 12:13:36,291 INFO  [org.hibernate.annotations.common.reflection.java.JavaReflectionManager] [restartedMain] HCANN000001: Hibernate Commons Annotations {5.1.2.Final}
2021-06-19 12:13:36,495 INFO  [org.hibernate.dialect.Dialect] [restartedMain] HHH000400: Using dialect: org.hibernate.dialect.PostgreSQL10Dialect
2021-06-19 12:13:37,623 INFO  [org.hibernate.engine.transaction.jta.platform.internal.JtaPlatformInitiator] [restartedMain] HHH000490: Using JtaPlatform implementation: [org.hibernate.engine.transaction.jta.platform.internal.NoJtaPlatform]
2021-06-19 12:13:37,637 INFO  [org.springframework.orm.jpa.AbstractEntityManagerFactoryBean] [restartedMain] Initialized JPA EntityManagerFactory for persistence unit 'default'
2021-06-19 12:13:37,921 WARN  [org.springframework.boot.autoconfigure.orm.jpa.JpaBaseConfiguration$JpaWebConfiguration] [restartedMain] spring.jpa.open-in-view is enabled by default. Therefore, database queries may be performed during view rendering. Explicitly configure spring.jpa.open-in-view to disable this warning
2021-06-19 12:13:38,545 INFO  [org.springframework.boot.devtools.autoconfigure.OptionalLiveReloadServer] [restartedMain] LiveReload server is running on port 35729
2021-06-19 12:13:38,614 INFO  [org.springframework.boot.web.embedded.tomcat.TomcatWebServer] [restartedMain] Tomcat started on port(s): 8080 (http) with context path ''
2021-06-19 12:13:38,633 INFO  [org.springframework.boot.StartupInfoLogger] [restartedMain] Started ShopmallApplication in 6.644 seconds (JVM running for 8.539)
2021-06-19 12:13:54,077 INFO  [org.apache.juli.logging.DirectJDKLog] [http-nio-8080-exec-1] Initializing Spring DispatcherServlet 'dispatcherServlet'
2021-06-19 12:13:54,078 INFO  [org.springframework.web.servlet.FrameworkServlet] [http-nio-8080-exec-1] Initializing Servlet 'dispatcherServlet'
2021-06-19 12:13:54,083 INFO  [org.springframework.web.servlet.FrameworkServlet] [http-nio-8080-exec-1] Completed initialization in 4 ms
2021-06-19 12:13:54,486 ERROR [nam.nd.shopmall.exception.GlobalExceptionHandler] [http-nio-8080-exec-1] Executing an update/delete query; nested exception is javax.persistence.TransactionRequiredException: Executing an update/delete query
org.springframework.dao.InvalidDataAccessApiUsageException: Executing an update/delete query; nested exception is javax.persistence.TransactionRequiredException: Executing an update/delete query
	at org.springframework.orm.jpa.EntityManagerFactoryUtils.convertJpaAccessExceptionIfPossible(EntityManagerFactoryUtils.java:403)
	at org.springframework.orm.jpa.vendor.HibernateJpaDialect.translateExceptionIfPossible(HibernateJpaDialect.java:235)
	at org.springframework.orm.jpa.AbstractEntityManagerFactoryBean.translateExceptionIfPossible(AbstractEntityManagerFactoryBean.java:551)
	at org.springframework.dao.support.ChainedPersistenceExceptionTranslator.translateExceptionIfPossible(ChainedPersistenceExceptionTranslator.java:61)
	at org.springframework.dao.support.DataAccessUtils.translateIfNecessary(DataAccessUtils.java:242)
	at org.springframework.dao.support.PersistenceExceptionTranslationInterceptor.invoke(PersistenceExceptionTranslationInterceptor.java:152)
	at org.springframework.aop.framework.ReflectiveMethodInvocation.proceed(ReflectiveMethodInvocation.java:186)
	at org.springframework.aop.framework.CglibAopProxy$CglibMethodInvocation.proceed(CglibAopProxy.java:750)
	at org.springframework.aop.framework.CglibAopProxy$DynamicAdvisedInterceptor.intercept(CglibAopProxy.java:692)
	at nam.nd.shopmall.dao.impl.ProductDaoImpl$$EnhancerBySpringCGLIB$$1167dcd.deleteProductById(<generated>)
	at nam.nd.shopmall.service.impl.ProductServiceImpl.deleteById(ProductServiceImpl.java:72)
	at nam.nd.shopmall.controller.ProductController.deleteProductById(ProductController.java:54)
	at sun.reflect.NativeMethodAccessorImpl.invoke0(Native Method)
	at sun.reflect.NativeMethodAccessorImpl.invoke(NativeMethodAccessorImpl.java:62)
	at sun.reflect.DelegatingMethodAccessorImpl.invoke(DelegatingMethodAccessorImpl.java:43)
	at java.lang.reflect.Method.invoke(Method.java:498)
	at org.springframework.web.method.support.InvocableHandlerMethod.doInvoke(InvocableHandlerMethod.java:197)
	at org.springframework.web.method.support.InvocableHandlerMethod.invokeForRequest(InvocableHandlerMethod.java:141)
	at org.springframework.web.servlet.mvc.method.annotation.ServletInvocableHandlerMethod.invokeAndHandle(ServletInvocableHandlerMethod.java:106)
	at org.springframework.web.servlet.mvc.method.annotation.RequestMappingHandlerAdapter.invokeHandlerMethod(RequestMappingHandlerAdapter.java:894)
	at org.springframework.web.servlet.mvc.method.annotation.RequestMappingHandlerAdapter.handleInternal(RequestMappingHandlerAdapter.java:808)
	at org.springframework.web.servlet.mvc.method.AbstractHandlerMethodAdapter.handle(AbstractHandlerMethodAdapter.java:87)
	at org.springframework.web.servlet.DispatcherServlet.doDispatch(DispatcherServlet.java:1063)
	at org.springframework.web.servlet.DispatcherServlet.doService(DispatcherServlet.java:963)
	at org.springframework.web.servlet.FrameworkServlet.processRequest(FrameworkServlet.java:1006)
	at org.springframework.web.servlet.FrameworkServlet.doDelete(FrameworkServlet.java:931)
	at javax.servlet.http.HttpServlet.service(HttpServlet.java:658)
	at org.springframework.web.servlet.FrameworkServlet.service(FrameworkServlet.java:883)
	at javax.servlet.http.HttpServlet.service(HttpServlet.java:733)
	at org.apache.catalina.core.ApplicationFilterChain.internalDoFilter(ApplicationFilterChain.java:227)
	at org.apache.catalina.core.ApplicationFilterChain.doFilter(ApplicationFilterChain.java:162)
	at org.apache.tomcat.websocket.server.WsFilter.doFilter(WsFilter.java:53)
	at org.apache.catalina.core.ApplicationFilterChain.internalDoFilter(ApplicationFilterChain.java:189)
	at org.apache.catalina.core.ApplicationFilterChain.doFilter(ApplicationFilterChain.java:162)
	at org.springframework.web.filter.RequestContextFilter.doFilterInternal(RequestContextFilter.java:100)
	at org.springframework.web.filter.OncePerRequestFilter.doFilter(OncePerRequestFilter.java:119)
	at org.apache.catalina.core.ApplicationFilterChain.internalDoFilter(ApplicationFilterChain.java:189)
	at org.apache.catalina.core.ApplicationFilterChain.doFilter(ApplicationFilterChain.java:162)
	at org.springframework.web.filter.FormContentFilter.doFilterInternal(FormContentFilter.java:93)
	at org.springframework.web.filter.OncePerRequestFilter.doFilter(OncePerRequestFilter.java:119)
	at org.apache.catalina.core.ApplicationFilterChain.internalDoFilter(ApplicationFilterChain.java:189)
	at org.apache.catalina.core.ApplicationFilterChain.doFilter(ApplicationFilterChain.java:162)
	at org.springframework.web.filter.CharacterEncodingFilter.doFilterInternal(CharacterEncodingFilter.java:201)
	at org.springframework.web.filter.OncePerRequestFilter.doFilter(OncePerRequestFilter.java:119)
	at org.apache.catalina.core.ApplicationFilterChain.internalDoFilter(ApplicationFilterChain.java:189)
	at org.apache.catalina.core.ApplicationFilterChain.doFilter(ApplicationFilterChain.java:162)
	at org.apache.catalina.core.StandardWrapperValve.invoke(StandardWrapperValve.java:202)
	at org.apache.catalina.core.StandardContextValve.invoke(StandardContextValve.java:97)
	at org.apache.catalina.authenticator.AuthenticatorBase.invoke(AuthenticatorBase.java:542)
	at org.apache.catalina.core.StandardHostValve.invoke(StandardHostValve.java:143)
	at org.apache.catalina.valves.ErrorReportValve.invoke(ErrorReportValve.java:92)
	at org.apache.catalina.core.StandardEngineValve.invoke(StandardEngineValve.java:78)
	at org.apache.catalina.connector.CoyoteAdapter.service(CoyoteAdapter.java:357)
	at org.apache.coyote.http11.Http11Processor.service(Http11Processor.java:374)
	at org.apache.coyote.AbstractProcessorLight.process(AbstractProcessorLight.java:65)
	at org.apache.coyote.AbstractProtocol$ConnectionHandler.process(AbstractProtocol.java:893)
	at org.apache.tomcat.util.net.NioEndpoint$SocketProcessor.doRun(NioEndpoint.java:1707)
	at org.apache.tomcat.util.net.SocketProcessorBase.run(SocketProcessorBase.java:49)
	at java.util.concurrent.ThreadPoolExecutor.runWorker(ThreadPoolExecutor.java:1149)
	at java.util.concurrent.ThreadPoolExecutor$Worker.run(ThreadPoolExecutor.java:624)
	at org.apache.tomcat.util.threads.TaskThread$WrappingRunnable.run(TaskThread.java:61)
	at java.lang.Thread.run(Thread.java:748)
Caused by: javax.persistence.TransactionRequiredException: Executing an update/delete query
	at org.hibernate.internal.AbstractSharedSessionContract.checkTransactionNeededForUpdateOperation(AbstractSharedSessionContract.java:422)
	at org.hibernate.query.internal.AbstractProducedQuery.executeUpdate(AbstractProducedQuery.java:1679)
	at nam.nd.shopmall.dao.impl.ProductDaoImpl.deleteProductById(ProductDaoImpl.java:33)
	at nam.nd.shopmall.dao.impl.ProductDaoImpl$$FastClassBySpringCGLIB$$fb1acb5.invoke(<generated>)
	at org.springframework.cglib.proxy.MethodProxy.invoke(MethodProxy.java:218)
	at org.springframework.aop.framework.CglibAopProxy$CglibMethodInvocation.invokeJoinpoint(CglibAopProxy.java:779)
	at org.springframework.aop.framework.ReflectiveMethodInvocation.proceed(ReflectiveMethodInvocation.java:163)
	at org.springframework.aop.framework.CglibAopProxy$CglibMethodInvocation.proceed(CglibAopProxy.java:750)
	at org.springframework.dao.support.PersistenceExceptionTranslationInterceptor.invoke(PersistenceExceptionTranslationInterceptor.java:137)
	... 56 common frames omitted
2021-06-19 12:13:54,589 WARN  [org.springframework.web.servlet.handler.AbstractHandlerExceptionResolver] [http-nio-8080-exec-1] Resolved [org.springframework.dao.InvalidDataAccessApiUsageException: Executing an update/delete query; nested exception is javax.persistence.TransactionRequiredException: Executing an update/delete query]
2021-06-19 12:17:37,805 INFO  [org.springframework.boot.StartupInfoLogger] [restartedMain] Starting ShopmallApplication using Java 1.8.0_261 on DESKTOP-R2IB51V with PID 11680 (E:\CODE\SHOPMALL\shopmall\target\classes started by namnd in E:\CODE\SHOPMALL\shopmall)
2021-06-19 12:17:37,816 INFO  [org.springframework.boot.SpringApplication] [restartedMain] No active profile set, falling back to default profiles: default
2021-06-19 12:17:37,918 INFO  [org.springframework.boot.logging.DeferredLog] [restartedMain] Devtools property defaults active! Set 'spring.devtools.add-properties' to 'false' to disable
2021-06-19 12:17:37,919 INFO  [org.springframework.boot.logging.DeferredLog] [restartedMain] For additional web related logging consider setting the 'logging.level.web' property to 'DEBUG'
2021-06-19 12:17:39,335 INFO  [org.springframework.data.repository.config.RepositoryConfigurationDelegate] [restartedMain] Multiple Spring Data modules found, entering strict repository configuration mode!
2021-06-19 12:17:39,337 INFO  [org.springframework.data.repository.config.RepositoryConfigurationDelegate] [restartedMain] Bootstrapping Spring Data JDBC repositories in DEFAULT mode.
2021-06-19 12:17:39,365 INFO  [org.springframework.data.repository.config.RepositoryConfigurationDelegate] [restartedMain] Finished Spring Data repository scanning in 20 ms. Found 0 JDBC repository interfaces.
2021-06-19 12:17:39,379 INFO  [org.springframework.data.repository.config.RepositoryConfigurationDelegate] [restartedMain] Multiple Spring Data modules found, entering strict repository configuration mode!
2021-06-19 12:17:39,380 INFO  [org.springframework.data.repository.config.RepositoryConfigurationDelegate] [restartedMain] Bootstrapping Spring Data JPA repositories in DEFAULT mode.
2021-06-19 12:17:39,400 INFO  [org.springframework.data.repository.config.RepositoryConfigurationDelegate] [restartedMain] Finished Spring Data repository scanning in 11 ms. Found 0 JPA repository interfaces.
2021-06-19 12:17:43,757 INFO  [org.springframework.boot.web.embedded.tomcat.TomcatWebServer] [restartedMain] Tomcat initialized with port(s): 8080 (http)
2021-06-19 12:17:43,772 INFO  [org.apache.juli.logging.DirectJDKLog] [restartedMain] Starting service [Tomcat]
2021-06-19 12:17:43,773 INFO  [org.apache.juli.logging.DirectJDKLog] [restartedMain] Starting Servlet engine: [Apache Tomcat/9.0.46]
2021-06-19 12:17:44,040 INFO  [org.apache.juli.logging.DirectJDKLog] [restartedMain] Initializing Spring embedded WebApplicationContext
2021-06-19 12:17:44,041 INFO  [org.springframework.boot.web.servlet.context.ServletWebServerApplicationContext] [restartedMain] Root WebApplicationContext: initialization completed in 6121 ms
2021-06-19 12:17:44,330 INFO  [com.zaxxer.hikari.HikariDataSource] [restartedMain] HikariPool-1 - Starting...
2021-06-19 12:17:44,513 INFO  [com.zaxxer.hikari.HikariDataSource] [restartedMain] HikariPool-1 - Start completed.
2021-06-19 12:17:44,660 INFO  [org.hibernate.jpa.internal.util.LogHelper] [restartedMain] HHH000204: Processing PersistenceUnitInfo [name: default]
2021-06-19 12:17:44,812 INFO  [org.hibernate.Version] [restartedMain] HHH000412: Hibernate ORM core version 5.4.32.Final
2021-06-19 12:17:45,076 INFO  [org.hibernate.annotations.common.reflection.java.JavaReflectionManager] [restartedMain] HCANN000001: Hibernate Commons Annotations {5.1.2.Final}
2021-06-19 12:17:45,314 INFO  [org.hibernate.dialect.Dialect] [restartedMain] HHH000400: Using dialect: org.hibernate.dialect.PostgreSQL10Dialect
2021-06-19 12:17:46,590 INFO  [org.hibernate.engine.transaction.jta.platform.internal.JtaPlatformInitiator] [restartedMain] HHH000490: Using JtaPlatform implementation: [org.hibernate.engine.transaction.jta.platform.internal.NoJtaPlatform]
2021-06-19 12:17:46,609 INFO  [org.springframework.orm.jpa.AbstractEntityManagerFactoryBean] [restartedMain] Initialized JPA EntityManagerFactory for persistence unit 'default'
2021-06-19 12:17:47,763 WARN  [org.springframework.boot.autoconfigure.orm.jpa.JpaBaseConfiguration$JpaWebConfiguration] [restartedMain] spring.jpa.open-in-view is enabled by default. Therefore, database queries may be performed during view rendering. Explicitly configure spring.jpa.open-in-view to disable this warning
2021-06-19 12:17:48,870 INFO  [org.springframework.boot.devtools.autoconfigure.OptionalLiveReloadServer] [restartedMain] LiveReload server is running on port 35729
2021-06-19 12:17:48,993 INFO  [org.springframework.boot.web.embedded.tomcat.TomcatWebServer] [restartedMain] Tomcat started on port(s): 8080 (http) with context path ''
2021-06-19 12:17:49,017 INFO  [org.springframework.boot.StartupInfoLogger] [restartedMain] Started ShopmallApplication in 12.599 seconds (JVM running for 15.476)
2021-06-19 12:17:49,953 INFO  [org.apache.juli.logging.DirectJDKLog] [http-nio-8080-exec-1] Initializing Spring DispatcherServlet 'dispatcherServlet'
2021-06-19 12:17:49,954 INFO  [org.springframework.web.servlet.FrameworkServlet] [http-nio-8080-exec-1] Initializing Servlet 'dispatcherServlet'
2021-06-19 12:17:49,958 INFO  [org.springframework.web.servlet.FrameworkServlet] [http-nio-8080-exec-1] Completed initialization in 3 ms
2021-06-19 12:18:27,186 WARN  [org.springframework.web.servlet.handler.AbstractHandlerExceptionResolver] [http-nio-8080-exec-3] Resolved [nam.nd.shopmall.exception.LogicException]
2021-06-19 12:20:11,873 INFO  [org.springframework.orm.jpa.AbstractEntityManagerFactoryBean] [SpringApplicationShutdownHook] Closing JPA EntityManagerFactory for persistence unit 'default'
2021-06-19 12:20:11,904 INFO  [com.zaxxer.hikari.HikariDataSource] [SpringApplicationShutdownHook] HikariPool-1 - Shutdown initiated...
2021-06-19 12:20:11,966 INFO  [com.zaxxer.hikari.HikariDataSource] [SpringApplicationShutdownHook] HikariPool-1 - Shutdown completed.
2021-06-19 12:20:22,263 INFO  [org.springframework.boot.StartupInfoLogger] [restartedMain] Starting ShopmallApplication using Java 1.8.0_261 on DESKTOP-R2IB51V with PID 18100 (E:\CODE\SHOPMALL\shopmall\target\classes started by namnd in E:\CODE\SHOPMALL\shopmall)
2021-06-19 12:20:22,271 INFO  [org.springframework.boot.SpringApplication] [restartedMain] No active profile set, falling back to default profiles: default
2021-06-19 12:20:22,371 INFO  [org.springframework.boot.logging.DeferredLog] [restartedMain] Devtools property defaults active! Set 'spring.devtools.add-properties' to 'false' to disable
2021-06-19 12:20:22,374 INFO  [org.springframework.boot.logging.DeferredLog] [restartedMain] For additional web related logging consider setting the 'logging.level.web' property to 'DEBUG'
2021-06-19 12:20:23,670 INFO  [org.springframework.data.repository.config.RepositoryConfigurationDelegate] [restartedMain] Multiple Spring Data modules found, entering strict repository configuration mode!
2021-06-19 12:20:23,674 INFO  [org.springframework.data.repository.config.RepositoryConfigurationDelegate] [restartedMain] Bootstrapping Spring Data JDBC repositories in DEFAULT mode.
2021-06-19 12:20:23,695 INFO  [org.springframework.data.repository.config.RepositoryConfigurationDelegate] [restartedMain] Finished Spring Data repository scanning in 14 ms. Found 0 JDBC repository interfaces.
2021-06-19 12:20:23,707 INFO  [org.springframework.data.repository.config.RepositoryConfigurationDelegate] [restartedMain] Multiple Spring Data modules found, entering strict repository configuration mode!
2021-06-19 12:20:23,708 INFO  [org.springframework.data.repository.config.RepositoryConfigurationDelegate] [restartedMain] Bootstrapping Spring Data JPA repositories in DEFAULT mode.
2021-06-19 12:20:23,721 INFO  [org.springframework.data.repository.config.RepositoryConfigurationDelegate] [restartedMain] Finished Spring Data repository scanning in 6 ms. Found 0 JPA repository interfaces.
2021-06-19 12:20:24,462 INFO  [org.springframework.boot.web.embedded.tomcat.TomcatWebServer] [restartedMain] Tomcat initialized with port(s): 8080 (http)
2021-06-19 12:20:24,472 INFO  [org.apache.juli.logging.DirectJDKLog] [restartedMain] Starting service [Tomcat]
2021-06-19 12:20:24,474 INFO  [org.apache.juli.logging.DirectJDKLog] [restartedMain] Starting Servlet engine: [Apache Tomcat/9.0.46]
2021-06-19 12:20:24,650 INFO  [org.apache.juli.logging.DirectJDKLog] [restartedMain] Initializing Spring embedded WebApplicationContext
2021-06-19 12:20:24,651 INFO  [org.springframework.boot.web.servlet.context.ServletWebServerApplicationContext] [restartedMain] Root WebApplicationContext: initialization completed in 2274 ms
2021-06-19 12:20:24,783 INFO  [com.zaxxer.hikari.HikariDataSource] [restartedMain] HikariPool-1 - Starting...
2021-06-19 12:20:24,961 INFO  [com.zaxxer.hikari.HikariDataSource] [restartedMain] HikariPool-1 - Start completed.
2021-06-19 12:20:25,061 INFO  [org.hibernate.jpa.internal.util.LogHelper] [restartedMain] HHH000204: Processing PersistenceUnitInfo [name: default]
2021-06-19 12:20:25,146 INFO  [org.hibernate.Version] [restartedMain] HHH000412: Hibernate ORM core version 5.4.32.Final
2021-06-19 12:20:25,324 INFO  [org.hibernate.annotations.common.reflection.java.JavaReflectionManager] [restartedMain] HCANN000001: Hibernate Commons Annotations {5.1.2.Final}
2021-06-19 12:20:25,450 INFO  [org.hibernate.dialect.Dialect] [restartedMain] HHH000400: Using dialect: org.hibernate.dialect.PostgreSQL10Dialect
2021-06-19 12:20:26,243 INFO  [org.hibernate.engine.transaction.jta.platform.internal.JtaPlatformInitiator] [restartedMain] HHH000490: Using JtaPlatform implementation: [org.hibernate.engine.transaction.jta.platform.internal.NoJtaPlatform]
2021-06-19 12:20:26,258 INFO  [org.springframework.orm.jpa.AbstractEntityManagerFactoryBean] [restartedMain] Initialized JPA EntityManagerFactory for persistence unit 'default'
2021-06-19 12:20:26,491 WARN  [org.springframework.boot.autoconfigure.orm.jpa.JpaBaseConfiguration$JpaWebConfiguration] [restartedMain] spring.jpa.open-in-view is enabled by default. Therefore, database queries may be performed during view rendering. Explicitly configure spring.jpa.open-in-view to disable this warning
2021-06-19 12:20:27,078 INFO  [org.springframework.boot.devtools.autoconfigure.OptionalLiveReloadServer] [restartedMain] LiveReload server is running on port 35729
2021-06-19 12:20:27,139 INFO  [org.springframework.boot.web.embedded.tomcat.TomcatWebServer] [restartedMain] Tomcat started on port(s): 8080 (http) with context path ''
2021-06-19 12:20:27,160 INFO  [org.springframework.boot.StartupInfoLogger] [restartedMain] Started ShopmallApplication in 5.908 seconds (JVM running for 7.945)
2021-06-19 12:20:31,327 INFO  [org.apache.juli.logging.DirectJDKLog] [http-nio-8080-exec-2] Initializing Spring DispatcherServlet 'dispatcherServlet'
2021-06-19 12:20:31,331 INFO  [org.springframework.web.servlet.FrameworkServlet] [http-nio-8080-exec-2] Initializing Servlet 'dispatcherServlet'
2021-06-19 12:20:31,333 INFO  [org.springframework.web.servlet.FrameworkServlet] [http-nio-8080-exec-2] Completed initialization in 2 ms
2021-06-19 12:20:31,593 ERROR [nam.nd.shopmall.exception.GlobalExceptionHandler] [http-nio-8080-exec-2] No value present
java.util.NoSuchElementException: No value present
	at java.util.Optional.get(Optional.java:135)
	at nam.nd.shopmall.controller.ProductController.getProductById(ProductController.java:43)
	at sun.reflect.NativeMethodAccessorImpl.invoke0(Native Method)
	at sun.reflect.NativeMethodAccessorImpl.invoke(NativeMethodAccessorImpl.java:62)
	at sun.reflect.DelegatingMethodAccessorImpl.invoke(DelegatingMethodAccessorImpl.java:43)
	at java.lang.reflect.Method.invoke(Method.java:498)
	at org.springframework.web.method.support.InvocableHandlerMethod.doInvoke(InvocableHandlerMethod.java:197)
	at org.springframework.web.method.support.InvocableHandlerMethod.invokeForRequest(InvocableHandlerMethod.java:141)
	at org.springframework.web.servlet.mvc.method.annotation.ServletInvocableHandlerMethod.invokeAndHandle(ServletInvocableHandlerMethod.java:106)
	at org.springframework.web.servlet.mvc.method.annotation.RequestMappingHandlerAdapter.invokeHandlerMethod(RequestMappingHandlerAdapter.java:894)
	at org.springframework.web.servlet.mvc.method.annotation.RequestMappingHandlerAdapter.handleInternal(RequestMappingHandlerAdapter.java:808)
	at org.springframework.web.servlet.mvc.method.AbstractHandlerMethodAdapter.handle(AbstractHandlerMethodAdapter.java:87)
	at org.springframework.web.servlet.DispatcherServlet.doDispatch(DispatcherServlet.java:1063)
	at org.springframework.web.servlet.DispatcherServlet.doService(DispatcherServlet.java:963)
	at org.springframework.web.servlet.FrameworkServlet.processRequest(FrameworkServlet.java:1006)
	at org.springframework.web.servlet.FrameworkServlet.doGet(FrameworkServlet.java:898)
	at javax.servlet.http.HttpServlet.service(HttpServlet.java:626)
	at org.springframework.web.servlet.FrameworkServlet.service(FrameworkServlet.java:883)
	at javax.servlet.http.HttpServlet.service(HttpServlet.java:733)
	at org.apache.catalina.core.ApplicationFilterChain.internalDoFilter(ApplicationFilterChain.java:227)
	at org.apache.catalina.core.ApplicationFilterChain.doFilter(ApplicationFilterChain.java:162)
	at org.apache.tomcat.websocket.server.WsFilter.doFilter(WsFilter.java:53)
	at org.apache.catalina.core.ApplicationFilterChain.internalDoFilter(ApplicationFilterChain.java:189)
	at org.apache.catalina.core.ApplicationFilterChain.doFilter(ApplicationFilterChain.java:162)
	at org.springframework.web.filter.RequestContextFilter.doFilterInternal(RequestContextFilter.java:100)
	at org.springframework.web.filter.OncePerRequestFilter.doFilter(OncePerRequestFilter.java:119)
	at org.apache.catalina.core.ApplicationFilterChain.internalDoFilter(ApplicationFilterChain.java:189)
	at org.apache.catalina.core.ApplicationFilterChain.doFilter(ApplicationFilterChain.java:162)
	at org.springframework.web.filter.FormContentFilter.doFilterInternal(FormContentFilter.java:93)
	at org.springframework.web.filter.OncePerRequestFilter.doFilter(OncePerRequestFilter.java:119)
	at org.apache.catalina.core.ApplicationFilterChain.internalDoFilter(ApplicationFilterChain.java:189)
	at org.apache.catalina.core.ApplicationFilterChain.doFilter(ApplicationFilterChain.java:162)
	at org.springframework.web.filter.CharacterEncodingFilter.doFilterInternal(CharacterEncodingFilter.java:201)
	at org.springframework.web.filter.OncePerRequestFilter.doFilter(OncePerRequestFilter.java:119)
	at org.apache.catalina.core.ApplicationFilterChain.internalDoFilter(ApplicationFilterChain.java:189)
	at org.apache.catalina.core.ApplicationFilterChain.doFilter(ApplicationFilterChain.java:162)
	at org.apache.catalina.core.StandardWrapperValve.invoke(StandardWrapperValve.java:202)
	at org.apache.catalina.core.StandardContextValve.invoke(StandardContextValve.java:97)
	at org.apache.catalina.authenticator.AuthenticatorBase.invoke(AuthenticatorBase.java:542)
	at org.apache.catalina.core.StandardHostValve.invoke(StandardHostValve.java:143)
	at org.apache.catalina.valves.ErrorReportValve.invoke(ErrorReportValve.java:92)
	at org.apache.catalina.core.StandardEngineValve.invoke(StandardEngineValve.java:78)
	at org.apache.catalina.connector.CoyoteAdapter.service(CoyoteAdapter.java:357)
	at org.apache.coyote.http11.Http11Processor.service(Http11Processor.java:374)
	at org.apache.coyote.AbstractProcessorLight.process(AbstractProcessorLight.java:65)
	at org.apache.coyote.AbstractProtocol$ConnectionHandler.process(AbstractProtocol.java:893)
	at org.apache.tomcat.util.net.NioEndpoint$SocketProcessor.doRun(NioEndpoint.java:1707)
	at org.apache.tomcat.util.net.SocketProcessorBase.run(SocketProcessorBase.java:49)
	at java.util.concurrent.ThreadPoolExecutor.runWorker(ThreadPoolExecutor.java:1149)
	at java.util.concurrent.ThreadPoolExecutor$Worker.run(ThreadPoolExecutor.java:624)
	at org.apache.tomcat.util.threads.TaskThread$WrappingRunnable.run(TaskThread.java:61)
	at java.lang.Thread.run(Thread.java:748)
2021-06-19 12:20:31,726 WARN  [org.springframework.web.servlet.handler.AbstractHandlerExceptionResolver] [http-nio-8080-exec-2] Resolved [java.util.NoSuchElementException: No value present]
2021-06-19 12:25:12,922 INFO  [org.springframework.boot.StartupInfoLogger] [restartedMain] Starting ShopmallApplication using Java 1.8.0_261 on DESKTOP-R2IB51V with PID 19220 (E:\CODE\SHOPMALL\shopmall\target\classes started by namnd in E:\CODE\SHOPMALL\shopmall)
2021-06-19 12:25:12,928 INFO  [org.springframework.boot.SpringApplication] [restartedMain] No active profile set, falling back to default profiles: default
2021-06-19 12:25:13,020 INFO  [org.springframework.boot.logging.DeferredLog] [restartedMain] Devtools property defaults active! Set 'spring.devtools.add-properties' to 'false' to disable
2021-06-19 12:25:13,021 INFO  [org.springframework.boot.logging.DeferredLog] [restartedMain] For additional web related logging consider setting the 'logging.level.web' property to 'DEBUG'
2021-06-19 12:25:14,164 INFO  [org.springframework.data.repository.config.RepositoryConfigurationDelegate] [restartedMain] Multiple Spring Data modules found, entering strict repository configuration mode!
2021-06-19 12:25:14,166 INFO  [org.springframework.data.repository.config.RepositoryConfigurationDelegate] [restartedMain] Bootstrapping Spring Data JDBC repositories in DEFAULT mode.
2021-06-19 12:25:14,189 INFO  [org.springframework.data.repository.config.RepositoryConfigurationDelegate] [restartedMain] Finished Spring Data repository scanning in 16 ms. Found 0 JDBC repository interfaces.
2021-06-19 12:25:14,200 INFO  [org.springframework.data.repository.config.RepositoryConfigurationDelegate] [restartedMain] Multiple Spring Data modules found, entering strict repository configuration mode!
2021-06-19 12:25:14,201 INFO  [org.springframework.data.repository.config.RepositoryConfigurationDelegate] [restartedMain] Bootstrapping Spring Data JPA repositories in DEFAULT mode.
2021-06-19 12:25:14,219 INFO  [org.springframework.data.repository.config.RepositoryConfigurationDelegate] [restartedMain] Finished Spring Data repository scanning in 8 ms. Found 0 JPA repository interfaces.
2021-06-19 12:25:15,080 INFO  [org.springframework.boot.web.embedded.tomcat.TomcatWebServer] [restartedMain] Tomcat initialized with port(s): 8080 (http)
2021-06-19 12:25:15,099 INFO  [org.apache.juli.logging.DirectJDKLog] [restartedMain] Starting service [Tomcat]
2021-06-19 12:25:15,100 INFO  [org.apache.juli.logging.DirectJDKLog] [restartedMain] Starting Servlet engine: [Apache Tomcat/9.0.46]
2021-06-19 12:25:15,324 INFO  [org.apache.juli.logging.DirectJDKLog] [restartedMain] Initializing Spring embedded WebApplicationContext
2021-06-19 12:25:15,326 INFO  [org.springframework.boot.web.servlet.context.ServletWebServerApplicationContext] [restartedMain] Root WebApplicationContext: initialization completed in 2303 ms
2021-06-19 12:25:15,522 INFO  [com.zaxxer.hikari.HikariDataSource] [restartedMain] HikariPool-1 - Starting...
2021-06-19 12:25:15,761 INFO  [com.zaxxer.hikari.HikariDataSource] [restartedMain] HikariPool-1 - Start completed.
2021-06-19 12:25:15,883 INFO  [org.hibernate.jpa.internal.util.LogHelper] [restartedMain] HHH000204: Processing PersistenceUnitInfo [name: default]
2021-06-19 12:25:16,009 INFO  [org.hibernate.Version] [restartedMain] HHH000412: Hibernate ORM core version 5.4.32.Final
2021-06-19 12:25:16,251 INFO  [org.hibernate.annotations.common.reflection.java.JavaReflectionManager] [restartedMain] HCANN000001: Hibernate Commons Annotations {5.1.2.Final}
2021-06-19 12:25:16,484 INFO  [org.hibernate.dialect.Dialect] [restartedMain] HHH000400: Using dialect: org.hibernate.dialect.PostgreSQL10Dialect
2021-06-19 12:25:17,625 INFO  [org.hibernate.engine.transaction.jta.platform.internal.JtaPlatformInitiator] [restartedMain] HHH000490: Using JtaPlatform implementation: [org.hibernate.engine.transaction.jta.platform.internal.NoJtaPlatform]
2021-06-19 12:25:17,641 INFO  [org.springframework.orm.jpa.AbstractEntityManagerFactoryBean] [restartedMain] Initialized JPA EntityManagerFactory for persistence unit 'default'
2021-06-19 12:25:17,981 WARN  [org.springframework.boot.autoconfigure.orm.jpa.JpaBaseConfiguration$JpaWebConfiguration] [restartedMain] spring.jpa.open-in-view is enabled by default. Therefore, database queries may be performed during view rendering. Explicitly configure spring.jpa.open-in-view to disable this warning
2021-06-19 12:25:18,697 INFO  [org.springframework.boot.devtools.autoconfigure.OptionalLiveReloadServer] [restartedMain] LiveReload server is running on port 35729
2021-06-19 12:25:18,747 INFO  [org.springframework.boot.web.embedded.tomcat.TomcatWebServer] [restartedMain] Tomcat started on port(s): 8080 (http) with context path ''
2021-06-19 12:25:18,764 INFO  [org.springframework.boot.StartupInfoLogger] [restartedMain] Started ShopmallApplication in 6.834 seconds (JVM running for 8.998)
2021-06-19 12:25:39,310 INFO  [org.apache.juli.logging.DirectJDKLog] [http-nio-8080-exec-2] Initializing Spring DispatcherServlet 'dispatcherServlet'
2021-06-19 12:25:39,312 INFO  [org.springframework.web.servlet.FrameworkServlet] [http-nio-8080-exec-2] Initializing Servlet 'dispatcherServlet'
2021-06-19 12:25:39,315 INFO  [org.springframework.web.servlet.FrameworkServlet] [http-nio-8080-exec-2] Completed initialization in 2 ms
2021-06-19 12:25:39,685 WARN  [org.springframework.web.servlet.handler.AbstractHandlerExceptionResolver] [http-nio-8080-exec-2] Resolved [nam.nd.shopmall.exception.LogicException]
